Using pre-set license
Built from '2022.3/staging' branch; Version is '2022.3.8f1 (b5eafc012955) revision 11922172'; Using compiler version '192829333'; Build Type 'Release'
OS: 'Windows 10  (10.0.19045) 64bit Professional' Language: 'ru' Physical Memory: 16189 MB
BatchMode: 1, IsHumanControllingUs: 0, StartBugReporterOnCrash: 0, Is64bit: 1, IsPro: 1

COMMAND LINE ARGUMENTS:
C:\Program Files\Unity 2022.3.8f1\Editor\Unity.exe
-adb2
-batchMode
-noUpm
-name
AssetImportWorker1
-projectPath
C:/Users/Danya-pc/M3Scene
-logFile
Logs/AssetImportWorker1.log
-srvPort
9661
Successfully changed project path to: C:/Users/Danya-pc/M3Scene
C:/Users/Danya-pc/M3Scene
[UnityMemory] Configuration Parameters - Can be set up in boot.config
    "memorysetup-bucket-allocator-granularity=16"
    "memorysetup-bucket-allocator-bucket-count=8"
    "memorysetup-bucket-allocator-block-size=33554432"
    "memorysetup-bucket-allocator-block-count=8"
    "memorysetup-main-allocator-block-size=16777216"
    "memorysetup-thread-allocator-block-size=16777216"
    "memorysetup-gfx-main-allocator-block-size=16777216"
    "memorysetup-gfx-thread-allocator-block-size=16777216"
    "memorysetup-cache-allocator-block-size=4194304"
    "memorysetup-typetree-allocator-block-size=2097152"
    "memorysetup-profiler-bucket-allocator-granularity=16"
    "memorysetup-profiler-bucket-allocator-bucket-count=8"
    "memorysetup-profiler-bucket-allocator-block-size=33554432"
    "memorysetup-profiler-bucket-allocator-block-count=8"
    "memorysetup-profiler-allocator-block-size=16777216"
    "memorysetup-profiler-editor-allocator-block-size=1048576"
    "memorysetup-temp-allocator-size-main=16777216"
    "memorysetup-job-temp-allocator-block-size=2097152"
    "memorysetup-job-temp-allocator-block-size-background=1048576"
    "memorysetup-job-temp-allocator-reduction-small-platforms=262144"
    "memorysetup-allocator-temp-initial-block-size-main=262144"
    "memorysetup-allocator-temp-initial-block-size-worker=262144"
    "memorysetup-temp-allocator-size-background-worker=32768"
    "memorysetup-temp-allocator-size-job-worker=262144"
    "memorysetup-temp-allocator-size-preload-manager=33554432"
    "memorysetup-temp-allocator-size-nav-mesh-worker=65536"
    "memorysetup-temp-allocator-size-audio-worker=65536"
    "memorysetup-temp-allocator-size-cloud-worker=32768"
    "memorysetup-temp-allocator-size-gi-baking-worker=262144"
    "memorysetup-temp-allocator-size-gfx=262144"
Player connection [16292] Host "[IP] 192.168.0.103 [Port] 0 [Flags] 2 [Guid] 217526774 [EditorId] 217526774 [Version] 1048832 [Id] WindowsEditor(7,DESKTOP-60CCAUE) [Debug] 1 [PackageName] WindowsEditor [ProjectName] Editor" joined multi-casting on [225.0.0.222:54997]...

Player connection [16292] Host "[IP] 192.168.0.103 [Port] 0 [Flags] 2 [Guid] 217526774 [EditorId] 217526774 [Version] 1048832 [Id] WindowsEditor(7,DESKTOP-60CCAUE) [Debug] 1 [PackageName] WindowsEditor [ProjectName] Editor" joined alternative multi-casting on [225.0.0.222:34997]...

[Physics::Module] Initialized MultithreadedJobDispatcher with 7 workers.
Refreshing native plugins compatible for Editor in 12.51 ms, found 3 plugins.
Preloading 0 native plugins for Editor in 0.00 ms.
Initialize engine version: 2022.3.8f1 (b5eafc012955)
[Subsystems] Discovering subsystems at path C:/Program Files/Unity 2022.3.8f1/Editor/Data/Resources/UnitySubsystems
[Subsystems] Discovering subsystems at path C:/Users/Danya-pc/M3Scene/Assets
GfxDevice: creating device client; threaded=0; jobified=0
Direct3D:
    Version:  Direct3D 11.0 [level 11.1]
    Renderer: NVIDIA GeForce GTX 1650 (ID=0x1f91)
    Vendor:   NVIDIA
    VRAM:     3949 MB
    Driver:   31.0.15.3713
Initialize mono
Mono path[0] = 'C:/Program Files/Unity 2022.3.8f1/Editor/Data/Managed'
Mono path[1] = 'C:/Program Files/Unity 2022.3.8f1/Editor/Data/MonoBleedingEdge/lib/mono/unityjit-win32'
Mono config path = 'C:/Program Files/Unity 2022.3.8f1/Editor/Data/MonoBleedingEdge/etc'
Using monoOptions --debugger-agent=transport=dt_socket,embedding=1,server=y,suspend=n,address=127.0.0.1:56812
Begin MonoManager ReloadAssembly
Registering precompiled unity dll's ...
Register platform support module: C:/Program Files/Unity 2022.3.8f1/Editor/Data/PlaybackEngines/WindowsStandaloneSupport/UnityEditor.WindowsStandalone.Extensions.dll
Registered in 0.011958 seconds.
- Loaded All Assemblies, in  0.682 seconds
Native extension for WindowsStandalone target not found
Mono: successfully reloaded assembly
- Finished resetting the current domain, in  0.421 seconds
Domain Reload Profiling: 1099ms
	BeginReloadAssembly (233ms)
		ExecutionOrderSort (0ms)
		DisableScriptedObjects (0ms)
		BackupInstance (0ms)
		ReleaseScriptingObjects (0ms)
		CreateAndSetChildDomain (1ms)
	RebuildCommonClasses (66ms)
	RebuildNativeTypeToScriptingClass (17ms)
	initialDomainReloadingComplete (110ms)
	LoadAllAssembliesAndSetupDomain (251ms)
		LoadAssemblies (229ms)
		RebuildTransferFunctionScriptingTraits (0ms)
		AnalyzeDomain (247ms)
			TypeCache.Refresh (244ms)
				TypeCache.ScanAssembly (220ms)
			ScanForSourceGeneratedMonoScriptInfo (1ms)
			ResolveRequiredComponents (1ms)
	FinalizeReload (422ms)
		ReleaseScriptCaches (0ms)
		RebuildScriptCaches (0ms)
		SetupLoadedEditorAssemblies (317ms)
			LogAssemblyErrors (0ms)
			InitializePlatformSupportModulesInManaged (21ms)
			SetLoadedEditorAssemblies (13ms)
			RefreshPlugins (0ms)
			BeforeProcessingInitializeOnLoad (4ms)
			ProcessInitializeOnLoadAttributes (209ms)
			ProcessInitializeOnLoadMethodAttributes (71ms)
			AfterProcessingInitializeOnLoad (0ms)
			EditorAssembliesLoaded (0ms)
		ExecutionOrderSort2 (0ms)
		AwakeInstancesAfterBackupRestoration (0ms)
========================================================================
Worker process is ready to serve import requests
Begin MonoManager ReloadAssembly
- Loaded All Assemblies, in  0.969 seconds
Refreshing native plugins compatible for Editor in 7.47 ms, found 3 plugins.
Native extension for WindowsStandalone target not found
Package Manager log level set to [2]
[Package Manager] Server::EnsureServerProcessIsRunning -- launch failed, reason: Unity was launched with the -noUpm command-line argument
[Package Manager] UpmClient::Send -- Unable to send message (not connected to UPM process).
[Package Manager] Cannot connect to Unity Package Manager local server
Mono: successfully reloaded assembly
- Finished resetting the current domain, in  0.915 seconds
Domain Reload Profiling: 1880ms
	BeginReloadAssembly (209ms)
		ExecutionOrderSort (0ms)
		DisableScriptedObjects (7ms)
		BackupInstance (0ms)
		ReleaseScriptingObjects (0ms)
		CreateAndSetChildDomain (30ms)
	RebuildCommonClasses (44ms)
	RebuildNativeTypeToScriptingClass (15ms)
	initialDomainReloadingComplete (73ms)
	LoadAllAssembliesAndSetupDomain (623ms)
		LoadAssemblies (428ms)
		RebuildTransferFunctionScriptingTraits (0ms)
		AnalyzeDomain (312ms)
			TypeCache.Refresh (279ms)
				TypeCache.ScanAssembly (254ms)
			ScanForSourceGeneratedMonoScriptInfo (24ms)
			ResolveRequiredComponents (7ms)
	FinalizeReload (916ms)
		ReleaseScriptCaches (0ms)
		RebuildScriptCaches (0ms)
		SetupLoadedEditorAssemblies (647ms)
			LogAssemblyErrors (0ms)
			InitializePlatformSupportModulesInManaged (13ms)
			SetLoadedEditorAssemblies (7ms)
			RefreshPlugins (0ms)
			BeforeProcessingInitializeOnLoad (108ms)
			ProcessInitializeOnLoadAttributes (478ms)
			ProcessInitializeOnLoadMethodAttributes (29ms)
			AfterProcessingInitializeOnLoad (11ms)
			EditorAssembliesLoaded (0ms)
		ExecutionOrderSort2 (0ms)
		AwakeInstancesAfterBackupRestoration (10ms)
Launched and connected shader compiler UnityShaderCompiler.exe after 0.10 seconds
Refreshing native plugins compatible for Editor in 7.04 ms, found 3 plugins.
Preloading 0 native plugins for Editor in 0.00 ms.
Unloading 3069 Unused Serialized files (Serialized files now loaded: 0)
Unloading 31 unused Assets / (56.3 KB). Loaded Objects now: 3531.
Memory consumption went from 113.6 MB to 113.6 MB.
Total: 7.622100 ms (FindLiveObjects: 0.575300 ms CreateObjectMapping: 0.422400 ms MarkObjects: 6.416300 ms  DeleteObjects: 0.206200 ms)

AssetImportParameters requested are different than current active one (requested -> active):
  custom:container-demuxer-ogg: 62fdf1f143b41e24485cea50d1cbac27 -> 
  custom:video-decoder-ogg-theora: a1e56fd34408186e4bbccfd4996cb3dc -> 
  custom:framework-win-MediaFoundation: 216162199b28c13a410421893ffa2e32 -> 
  custom:container-demuxer-webm: 4f35f7cbe854078d1ac9338744f61a02 -> 
  custom:container-muxer-webm: aa71ff27fc2769a1b78a27578f13a17b -> 
  custom:video-decoder-webm-vp8: 9c59270c3fd7afecdb556c50c9e8de78 -> 
  custom:AudioImporter_EditorPlatform: d09bf68614088b80899f8185d706f6e7 -> 
  custom:video-encoder-webm-vp8: eb34c28f22e8b96e1ab97ce403110664 -> 
  custom:audio-decoder-ogg-vorbis: bf7c407c2cedff20999df2af8eb42d56 -> 
  custom:audio-encoder-webm-vorbis: bf7c407c2cedff20999df2af8eb42d56 -> 
========================================================================
Received Prepare
Refreshing native plugins compatible for Editor in 6.72 ms, found 3 plugins.
Preloading 0 native plugins for Editor in 0.00 ms.
Unloading 1 Unused Serialized files (Serialized files now loaded: 0)
Unloading 1 unused Assets / (3.0 KB). Loaded Objects now: 3531.
Memory consumption went from 65.4 MB to 65.4 MB.
Total: 4.841800 ms (FindLiveObjects: 0.343100 ms CreateObjectMapping: 0.216100 ms MarkObjects: 4.248200 ms  DeleteObjects: 0.033200 ms)

Prepare: number of updated asset objects reloaded= 0
AssetImportParameters requested are different than current active one (requested -> active):
  custom:container-demuxer-ogg: 62fdf1f143b41e24485cea50d1cbac27 -> 
  custom:video-decoder-ogg-theora: a1e56fd34408186e4bbccfd4996cb3dc -> 
  custom:framework-win-MediaFoundation: 216162199b28c13a410421893ffa2e32 -> 
  custom:CustomObjectIndexerAttribute: 756ad292c208cfabdd7b50bc23989ffe -> 
  custom:container-demuxer-webm: 4f35f7cbe854078d1ac9338744f61a02 -> 
  custom:container-muxer-webm: aa71ff27fc2769a1b78a27578f13a17b -> 
  custom:video-decoder-webm-vp8: 9c59270c3fd7afecdb556c50c9e8de78 -> 
  custom:SearchIndexIgnoredProperties: e643bd26f0fe6173181afceb89e7c659 -> 
  custom:AudioImporter_EditorPlatform: d09bf68614088b80899f8185d706f6e7 -> 
  custom:video-encoder-webm-vp8: eb34c28f22e8b96e1ab97ce403110664 -> 
  custom:audio-decoder-ogg-vorbis: bf7c407c2cedff20999df2af8eb42d56 -> 
  custom:audio-encoder-webm-vorbis: bf7c407c2cedff20999df2af8eb42d56 -> 
========================================================================
Received Import Request.
  Time since last request: 17699.001192 seconds.
  path: Assets/Objects
  artifactKey: Guid(d462b8b116f6c34489670870ed7dde4b) Importer(815301076,1909f56bfc062723c751e8b465ee728b)
Start importing Assets/Objects using Guid(d462b8b116f6c34489670870ed7dde4b) Importer(815301076,1909f56bfc062723c751e8b465ee728b)  -> (artifact id: '61ef88a87c81dc41f8152b2978ebdef0') in 0.005317 seconds
Number of updated asset objects reloaded before import = 0
Number of asset objects unloaded after import = 0
========================================================================
Received Import Request.
  Time since last request: 524.232883 seconds.
  path: Assets/HQ Modern Sofas Pack/Prefabs/Sofa_2.prefab
  artifactKey: Guid(b3cc1460da1cba94698e508b498e589c) Importer(815301076,1909f56bfc062723c751e8b465ee728b)
Start importing Assets/HQ Modern Sofas Pack/Prefabs/Sofa_2.prefab using Guid(b3cc1460da1cba94698e508b498e589c) Importer(815301076,1909f56bfc062723c751e8b465ee728b)  -> (artifact id: '1c160b90ddd76cbc244625a29796f7de') in 0.763447 seconds
Number of updated asset objects reloaded before import = 0
Number of asset objects unloaded after import = 14
========================================================================
Received Import Request.
  Time since last request: 0.000042 seconds.
  path: Assets/HQ Modern Sofas Pack/Prefabs/Sofa_3.prefab
  artifactKey: Guid(1c9afb80bceb7eb4581ec209bc33c6f8) Importer(815301076,1909f56bfc062723c751e8b465ee728b)
Start importing Assets/HQ Modern Sofas Pack/Prefabs/Sofa_3.prefab using Guid(1c9afb80bceb7eb4581ec209bc33c6f8) Importer(815301076,1909f56bfc062723c751e8b465ee728b)  -> (artifact id: 'a6f2876931e8ccc985abc816c25a2a2b') in 0.498369 seconds
Number of updated asset objects reloaded before import = 0
Number of asset objects unloaded after import = 14
========================================================================
Received Import Request.
  Time since last request: 246.449355 seconds.
  path: Assets/Assets/Furniture/Prefabs/3Seat2.prefab
  artifactKey: Guid(bd72486aa780d7c488fce4c5de88266f) Importer(815301076,1909f56bfc062723c751e8b465ee728b)
Start importing Assets/Assets/Furniture/Prefabs/3Seat2.prefab using Guid(bd72486aa780d7c488fce4c5de88266f) Importer(815301076,1909f56bfc062723c751e8b465ee728b)  -> (artifact id: '29bbe51217da8e524a2b675df22836f1') in 0.404797 seconds
Number of updated asset objects reloaded before import = 0
Number of asset objects unloaded after import = 12
========================================================================
Received Import Request.
  Time since last request: 0.000048 seconds.
  path: Assets/Assets/Furniture/Prefabs/DoubleSeat2.prefab
  artifactKey: Guid(d5026a2aaf9d8394a9e8b886d38dbfac) Importer(815301076,1909f56bfc062723c751e8b465ee728b)
Start importing Assets/Assets/Furniture/Prefabs/DoubleSeat2.prefab using Guid(d5026a2aaf9d8394a9e8b886d38dbfac) Importer(815301076,1909f56bfc062723c751e8b465ee728b)  -> (artifact id: 'c239b877bc34d9c95c71b0ba5bf56b4e') in 0.048710 seconds
Number of updated asset objects reloaded before import = 0
Number of asset objects unloaded after import = 12
========================================================================
Received Import Request.
  Time since last request: 0.000073 seconds.
  path: Assets/Assets/Furniture/Prefabs/DoubleSeat.prefab
  artifactKey: Guid(2c59b54db7aeb3d438ea1c0bf9694519) Importer(815301076,1909f56bfc062723c751e8b465ee728b)
Start importing Assets/Assets/Furniture/Prefabs/DoubleSeat.prefab using Guid(2c59b54db7aeb3d438ea1c0bf9694519) Importer(815301076,1909f56bfc062723c751e8b465ee728b)  -> (artifact id: 'ca1826692d396a0dcffb9c96eac281b8') in 0.033979 seconds
Number of updated asset objects reloaded before import = 0
Number of asset objects unloaded after import = 12
========================================================================
Received Import Request.
  Time since last request: 0.000045 seconds.
  path: Assets/Assets/Furniture/Prefabs/Closet3.prefab
  artifactKey: Guid(c24cdd6fcf1f09248832426ea5388c7f) Importer(815301076,1909f56bfc062723c751e8b465ee728b)
Start importing Assets/Assets/Furniture/Prefabs/Closet3.prefab using Guid(c24cdd6fcf1f09248832426ea5388c7f) Importer(815301076,1909f56bfc062723c751e8b465ee728b)  -> (artifact id: '64f551d9cc3ba3135783ae94ab44a4f0') in 0.033488 seconds
Number of updated asset objects reloaded before import = 0
Number of asset objects unloaded after import = 12
========================================================================
Received Import Request.
  Time since last request: 0.000051 seconds.
  path: Assets/Assets/Furniture/Prefabs/MetalTable.prefab
  artifactKey: Guid(204da6aadc13e164eac745605815a273) Importer(815301076,1909f56bfc062723c751e8b465ee728b)
Start importing Assets/Assets/Furniture/Prefabs/MetalTable.prefab using Guid(204da6aadc13e164eac745605815a273) Importer(815301076,1909f56bfc062723c751e8b465ee728b)  -> (artifact id: 'd57b2bd77394a0c29397d4b49058b430') in 0.034028 seconds
Number of updated asset objects reloaded before import = 0
Number of asset objects unloaded after import = 12
========================================================================
Received Import Request.
  Time since last request: 0.000101 seconds.
  path: Assets/Assets/Furniture/Prefabs/Fotel2.prefab
  artifactKey: Guid(0602526b549f4e74c9107db59bde2a39) Importer(815301076,1909f56bfc062723c751e8b465ee728b)
Start importing Assets/Assets/Furniture/Prefabs/Fotel2.prefab using Guid(0602526b549f4e74c9107db59bde2a39) Importer(815301076,1909f56bfc062723c751e8b465ee728b)  -> (artifact id: '8b3639908d20a5da1156687b2e5e3a01') in 0.033809 seconds
Number of updated asset objects reloaded before import = 0
Number of asset objects unloaded after import = 12
========================================================================
Received Import Request.
  Time since last request: 0.000094 seconds.
  path: Assets/Assets/Furniture/Prefabs/3seat4.prefab
  artifactKey: Guid(245712dbd63f6f94e8467250c1caedd9) Importer(815301076,1909f56bfc062723c751e8b465ee728b)
Start importing Assets/Assets/Furniture/Prefabs/3seat4.prefab using Guid(245712dbd63f6f94e8467250c1caedd9) Importer(815301076,1909f56bfc062723c751e8b465ee728b)  -> (artifact id: '9048c71af944f1a596b2bca159232ed0') in 0.032384 seconds
Number of updated asset objects reloaded before import = 0
Number of asset objects unloaded after import = 12
========================================================================
Received Import Request.
  Time since last request: 0.000036 seconds.
  path: Assets/Assets/Furniture/Prefabs/closet2.prefab
  artifactKey: Guid(7be1856a1844e5a47b82d7cb61f184e5) Importer(815301076,1909f56bfc062723c751e8b465ee728b)
Start importing Assets/Assets/Furniture/Prefabs/closet2.prefab using Guid(7be1856a1844e5a47b82d7cb61f184e5) Importer(815301076,1909f56bfc062723c751e8b465ee728b)  -> (artifact id: '136609847a75c2696a4b288e8cbb1d55') in 0.033181 seconds
Number of updated asset objects reloaded before import = 0
Number of asset objects unloaded after import = 12
========================================================================
Received Import Request.
  Time since last request: 0.000058 seconds.
  path: Assets/Assets/Furniture/Prefabs/Fotel4.prefab
  artifactKey: Guid(80967ac7bb2c8104b8dd5b649046d79b) Importer(815301076,1909f56bfc062723c751e8b465ee728b)
Start importing Assets/Assets/Furniture/Prefabs/Fotel4.prefab using Guid(80967ac7bb2c8104b8dd5b649046d79b) Importer(815301076,1909f56bfc062723c751e8b465ee728b)  -> (artifact id: '8c4b46f87902710ff3cd857d84f4bf90') in 0.033015 seconds
Number of updated asset objects reloaded before import = 0
Number of asset objects unloaded after import = 12
========================================================================
Received Import Request.
  Time since last request: 0.000086 seconds.
  path: Assets/Assets/Furniture/Prefabs/Fotel3.prefab
  artifactKey: Guid(41cf0c45f4ecbd0469567b5a28e21395) Importer(815301076,1909f56bfc062723c751e8b465ee728b)
Start importing Assets/Assets/Furniture/Prefabs/Fotel3.prefab using Guid(41cf0c45f4ecbd0469567b5a28e21395) Importer(815301076,1909f56bfc062723c751e8b465ee728b)  -> (artifact id: '8955bb79d9fe1f6eaa29449c6cc24da2') in 0.028196 seconds
Number of updated asset objects reloaded before import = 0
Number of asset objects unloaded after import = 12
